logging to /home/vm/.yeo/tmp/exec_log-325321758
yeoGet
/home/vm/.yeo/tmp/xfer-2036426441
yeoGet
/home/vm/.yeo/tmp/xfer-56459143
yeoGet
/home/vm/.yeo/tmp/xfer-1763110533
yeoGet
/home/vm/.yeo/tmp/xfer-1206222287
yeoGet
/home/vm/.yeo/tmp/xfer-301777513
yeoGet
/home/vm/.yeo/tmp/xfer-166311968
yeoRunCommand
logging to /home/vm/.yeo/tmp/exec_log-450419884
yeoRunCommand
logging to /home/vm/.yeo/tmp/exec_log-2372623228
yeoRunCommand
logging to /home/vm/.yeo/tmp/exec_log-2541726513
yeoRunCommand
logging to /home/vm/.yeo/tmp/exec_log-1887017698
yeoRunCommand
logging to /home/vm/.yeo/tmp/exec_log-171511012
yeoRunCommand
logging to /home/vm/.yeo/tmp/exec_log-2475124435
yeoRunCommand
logging to /home/vm/.yeo/tmp/exec_log-328120847
yeoRunCommand
logging to /home/vm/.yeo/tmp/exec_log-4138021
yeoRunCommand
logging to /home/vm/.yeo/tmp/exec_log-1625522935
yeoRunCommand
logging to /home/vm/.yeo/tmp/exec_log-149863852
yeoRunCommand
yeoRunCommand
yeoRunCommand
yeoRunCommand
yeoRunCommand
yeoExtractLog
yeoRunCommand
yeoRunCommand
yeoExtractLog
yeoRunCommand
yeoExtractLog
yeoRunCommand
yeoExtractLog
yeoRunCommand
yeoExtractLog
yeoRunCommand
yeoExtractLog
yeoExtractLog
yeoExtractLog
yeoExtractLog
yeoExtractLog
yeoExtractLog
yeoRunCommand
yeoExtractLog
yeoRunCommand
yeoExtractLog
yeoRunCommand
yeoExtractLog
yeoRunCommand
yeoExtractLog
yeoRunCommand
yeoExtractLog
yeoExtractLog
yeoRunCommand
yeoExtractLog
yeoRunCommand
yeoExtractLog
yeoRunCommand
yeoExtractLog
yeoRunCommand
yeoExtractLog
yeoRunCommand
yeoExtractLog
yeoRunCommand
yeoExtractLog
yeoRunCommand
yeoExtractLog
yeoRunCommand
yeoExtractLog
yeoRunCommand
yeoExtractLog
yeoRunCommand
yeoExtractLog
yeoExtractLog
yeoExtractLog
yeoExtractLog
yeoExtractLog
yeoRunCommand
yeoExtractLog
yeoRunCommand
yeoGetLog
yeoGetLog
yeoGetLog
yeoRunCommand
yeoGetLog
yeoRunCommand
yeoGetLog
yeoRunCommand
yeoGetLog
yeoRunCommand
yeoRunCommand
yeoRunCommand
yeoRunScriptFile
yeoRunCommand
yeoRunScriptFile
yeoRunCommand
yeoGetLog__OneLiner
yeoGetLog
yeoRunScriptFile
yeoRunCommand
yeoGetLog
yeoRunScriptFile
yeoRunCommand
yeoGetLog__OneLiner
yeoGetLog
yeoRunScriptFile
yeoRunCommand
yeoGetLog__OneLiner
yeoGetLog
yeoRunScriptFile
yeoRunCommand
yeoGetLog__OneLiner
yeoGetLog
yeoRunScriptFile
yeoRunCommand
yeoGetLog
yeoRunScriptFile
yeoRunCommand
yeoRunScriptFile
yeoRunCommand
yeoGetLog
yeoRunCommand
yeoWriteString
yeoRunCommand
yeoWriteString
yeoRunCommand
yeoWriteString
yeoRunCommand
yeoWriteString
yeoRunCommand
yeoRunCommand
yeoGetLog
yeoGetLog
yeoGetLog
yeoGetLog
yeoGetLog
yeoRunCommand
yeoRunCommand
yeoGetLog
yeoGetLog
yeoGetLog
yeoGetLog
yeoGetLog
yeoRunCommand
yeoGetLog
yeoGet
yeoGet
yeoRunCommand
yeoGetLog
yeoRunCommand
yeoGetLog
yeoRunCommand
yeoGetLog
yeoRunScriptFile
yeoRunCommand
yeoGetLog
yeoRunScriptFile
yeoRunCommand
yeoGetLog
yeoGet
yeoRunCommand
yeoGet
yeoRunCommand
yeoGetLog
yeoGet
yeoRunCommand
yeoGetLog
yeoRunScriptFile
yeoRunCommand
yeoGetLog
yeoRunScriptFile
yeoRunCommand
yeoGetLog
yeoRunScriptFile
yeoRunCommand
yeoGetLog
yeoRunCommand
yeoRunCommand
yeoGetLog__OneLiner
yeoGetLog
yeoGetLog
yeoGetLog
yeoGetLog
yeoGet
yeoGet
yeoRunCommand
yeoGetLog
yeoGet
yeoRunCommand
yeoGetLog
yeoGet
yeoRunCommand
yeoGetLog
yeoGet
yeoRunCommand
yeoGetLog
yeoGetLog
yeoGetLog
yeoGet
yeoRunCommand
yeoGetLog
yeoGet
yeoRunCommand
yeoGetLog
yeoGet
yeoRunCommand
yeoGetLog
yeoGet
yeoRunCommand
yeoGetLog
yeoRunCommand
yeoRunCommand
yeoGetLog
yeoGetLog
yeoRunCommand
yeoRunCommand
yeoRunCommand
yeoRunCommand
yeoGetLog
yeoGetLog
yeoRunCommand
yeoRunCommand
yeoRunCommand
yeoGetLog
yeoGetLog
yeoRunCommand
yeoRunCommand
yeoGetLog
yeoGetLog
yeoRunCommand
yeoGetLog
yeoRunCommand
yeoGetLog
yeoRunCommand
yeoGetLog
yeoRunCommand
yeoGetLog
yeoRunScriptFile
yeoRunScriptFile
yeoRunCommand
yeoRunScriptFile
yeoRunCommand
yeoRunScriptFile
yeoRunCommand
